[INFO ] 13-11-2024 09:29:31.977 [Test worker] AnnotationConfigContextLoaderUtils - Could not detect default configuration classes for test class [com.quartz.QuartzSchedulerApplicationTests]: QuartzSchedulerApplicationTests does not declare any static, non-private, non-final, nested classes annotated with @Configuration.
[INFO ] 13-11-2024 09:29:32.121 [Test worker] SpringBootTestContextBootstrapper - Found @SpringBootConfiguration com.quartz.QuartzSchedulerApplication for test class com.quartz.QuartzSchedulerApplicationTests
[INFO ] 13-11-2024 09:29:32.641 [Test worker] QuartzSchedulerApplicationTests - Starting QuartzSchedulerApplicationTests using Java 17.0.10 with PID 27792 (started by keidi.tay.chuan in C:\Users\keidi.tay.chuan\Documents\QuartzScheduler)
[INFO ] 13-11-2024 09:29:32.647 [Test worker] QuartzSchedulerApplicationTests - No active profile set, falling back to 1 default profile: "default"
[INFO ] 13-11-2024 09:29:34.753 [Test worker] StdSchedulerFactory - Using default implementation for ThreadExecutor
[INFO ] 13-11-2024 09:29:34.903 [Test worker] SchedulerSignalerImpl - Initialized Scheduler Signaller of type: class org.quartz.core.SchedulerSignalerImpl
[INFO ] 13-11-2024 09:29:34.904 [Test worker] QuartzScheduler - Quartz Scheduler v.2.3.2 created.
[INFO ] 13-11-2024 09:29:34.931 [Test worker] HikariDataSource - HikariPool-1 - Starting...
[INFO ] 13-11-2024 09:29:35.759 [Test worker] HikariPool - HikariPool-1 - Added connection ConnectionID:1 ClientConnectionId: 39b502c6-7c6a-4611-99c7-bb06d2fa0280
[INFO ] 13-11-2024 09:29:35.769 [Test worker] HikariDataSource - HikariPool-1 - Start completed.
[INFO ] 13-11-2024 09:29:35.809 [Test worker] LocalDataSourceJobStore - Detected usage of MSSQLDelegate class - defaulting 'selectWithLockSQL' to 'SELECT * FROM {0}LOCKS WITH (UPDLOCK,ROWLOCK) WHERE SCHED_NAME = {1} AND LOCK_NAME = ?'.
[INFO ] 13-11-2024 09:29:35.809 [Test worker] LocalDataSourceJobStore - Using db table-based data access locking (synchronization).
[INFO ] 13-11-2024 09:29:35.816 [Test worker] LocalDataSourceJobStore - JobStoreCMT initialized.
[INFO ] 13-11-2024 09:29:35.817 [Test worker] QuartzScheduler - Scheduler meta-data: Quartz Scheduler (v2.3.2) 'quartzScheduler' with instanceId 'NON_CLUSTERED'
  Scheduler class: 'org.quartz.core.QuartzScheduler' - running locally.
  NOT STARTED.
  Currently in standby mode.
  Number of jobs executed: 0
  Using thread pool 'org.quartz.simpl.SimpleThreadPool' - with 10 threads.
  Using job-store 'org.springframework.scheduling.quartz.LocalDataSourceJobStore' - which supports persistence. and is not clustered.

[INFO ] 13-11-2024 09:29:35.820 [Test worker] StdSchedulerFactory - Quartz scheduler 'quartzScheduler' initialized from an externally provided properties instance.
[INFO ] 13-11-2024 09:29:35.820 [Test worker] StdSchedulerFactory - Quartz scheduler version: 2.3.2
[INFO ] 13-11-2024 09:29:35.820 [Test worker] QuartzScheduler - JobFactory set to: org.springframework.scheduling.quartz.SpringBeanJobFactory@7196a8f1
[INFO ] 13-11-2024 09:29:37.031 [Test worker] SchedulerFactoryBean - Starting Quartz Scheduler now
[INFO ] 13-11-2024 09:29:37.271 [Test worker] LocalDataSourceJobStore - Freed 0 triggers from 'acquired' / 'blocked' state.
[INFO ] 13-11-2024 09:29:37.310 [Test worker] LocalDataSourceJobStore - Recovering 0 jobs that were in-progress at the time of the last shut-down.
[INFO ] 13-11-2024 09:29:37.311 [Test worker] LocalDataSourceJobStore - Recovery complete.
[INFO ] 13-11-2024 09:29:37.318 [Test worker] LocalDataSourceJobStore - Removed 0 'complete' triggers.
[INFO ] 13-11-2024 09:29:37.438 [Test worker] LocalDataSourceJobStore - Removed 0 stale fired job entries.
[INFO ] 13-11-2024 09:29:37.531 [Test worker] QuartzScheduler - Scheduler quartzScheduler_$_NON_CLUSTERED started.
[INFO ] 13-11-2024 09:29:37.548 [Test worker] QuartzSchedulerApplicationTests - Started QuartzSchedulerApplicationTests in 5.23 seconds (process running for 7.752)
[INFO ] 13-11-2024 09:29:40.773 [SpringApplicationShutdownHook] QuartzScheduler - Scheduler quartzScheduler_$_NON_CLUSTERED paused.
[INFO ] 13-11-2024 09:29:40.776 [SpringApplicationShutdownHook] SchedulerFactoryBean - Shutting down Quartz Scheduler
[INFO ] 13-11-2024 09:29:40.778 [SpringApplicationShutdownHook] QuartzScheduler - Scheduler quartzScheduler_$_NON_CLUSTERED shutting down.
[INFO ] 13-11-2024 09:29:40.778 [SpringApplicationShutdownHook] QuartzScheduler - Scheduler quartzScheduler_$_NON_CLUSTERED paused.
[INFO ] 13-11-2024 09:29:40.779 [SpringApplicationShutdownHook] QuartzScheduler - Scheduler quartzScheduler_$_NON_CLUSTERED shutdown complete.
[INFO ] 13-11-2024 09:29:40.780 [SpringApplicationShutdownHook] HikariDataSource - HikariPool-1 - Shutdown initiated...
[INFO ] 13-11-2024 09:29:40.789 [SpringApplicationShutdownHook] HikariDataSource - HikariPool-1 - Shutdown completed.
[INFO ] 13-11-2024 09:35:57.066 [Test worker] AnnotationConfigContextLoaderUtils - Could not detect default configuration classes for test class [com.quartz.QuartzSchedulerApplicationTests]: QuartzSchedulerApplicationTests does not declare any static, non-private, non-final, nested classes annotated with @Configuration.
[INFO ] 13-11-2024 09:35:57.273 [Test worker] SpringBootTestContextBootstrapper - Found @SpringBootConfiguration com.quartz.QuartzSchedulerApplication for test class com.quartz.QuartzSchedulerApplicationTests
[INFO ] 13-11-2024 09:35:57.794 [Test worker] QuartzSchedulerApplicationTests - Starting QuartzSchedulerApplicationTests using Java 17.0.10 with PID 27508 (started by keidi.tay.chuan in C:\Users\keidi.tay.chuan\Documents\QuartzScheduler)
[INFO ] 13-11-2024 09:35:57.804 [Test worker] QuartzSchedulerApplicationTests - No active profile set, falling back to 1 default profile: "default"
[INFO ] 13-11-2024 09:35:59.234 [Test worker] StdSchedulerFactory - Using default implementation for ThreadExecutor
[INFO ] 13-11-2024 09:35:59.273 [Test worker] SchedulerSignalerImpl - Initialized Scheduler Signaller of type: class org.quartz.core.SchedulerSignalerImpl
[INFO ] 13-11-2024 09:35:59.274 [Test worker] QuartzScheduler - Quartz Scheduler v.2.3.2 created.
[INFO ] 13-11-2024 09:35:59.283 [Test worker] HikariDataSource - HikariPool-1 - Starting...
[INFO ] 13-11-2024 09:35:59.581 [Test worker] HikariPool - HikariPool-1 - Added connection ConnectionID:1 ClientConnectionId: 80a755f5-face-4efe-80e3-8d63c6a38c3f
[INFO ] 13-11-2024 09:35:59.583 [Test worker] HikariDataSource - HikariPool-1 - Start completed.
[INFO ] 13-11-2024 09:35:59.603 [Test worker] LocalDataSourceJobStore - Detected usage of MSSQLDelegate class - defaulting 'selectWithLockSQL' to 'SELECT * FROM {0}LOCKS WITH (UPDLOCK,ROWLOCK) WHERE SCHED_NAME = {1} AND LOCK_NAME = ?'.
[INFO ] 13-11-2024 09:35:59.603 [Test worker] LocalDataSourceJobStore - Using db table-based data access locking (synchronization).
[INFO ] 13-11-2024 09:35:59.603 [Test worker] LocalDataSourceJobStore - JobStoreCMT initialized.
[INFO ] 13-11-2024 09:35:59.603 [Test worker] QuartzScheduler - Scheduler meta-data: Quartz Scheduler (v2.3.2) 'quartzScheduler' with instanceId 'NON_CLUSTERED'
  Scheduler class: 'org.quartz.core.QuartzScheduler' - running locally.
  NOT STARTED.
  Currently in standby mode.
  Number of jobs executed: 0
  Using thread pool 'org.quartz.simpl.SimpleThreadPool' - with 10 threads.
  Using job-store 'org.springframework.scheduling.quartz.LocalDataSourceJobStore' - which supports persistence. and is not clustered.

[INFO ] 13-11-2024 09:35:59.603 [Test worker] StdSchedulerFactory - Quartz scheduler 'quartzScheduler' initialized from an externally provided properties instance.
[INFO ] 13-11-2024 09:35:59.603 [Test worker] StdSchedulerFactory - Quartz scheduler version: 2.3.2
[INFO ] 13-11-2024 09:35:59.603 [Test worker] QuartzScheduler - JobFactory set to: org.springframework.scheduling.quartz.SpringBeanJobFactory@1d1bf7bf
[INFO ] 13-11-2024 09:36:00.553 [Test worker] SchedulerFactoryBean - Starting Quartz Scheduler now
[INFO ] 13-11-2024 09:36:00.613 [Test worker] LocalDataSourceJobStore - Freed 0 triggers from 'acquired' / 'blocked' state.
[INFO ] 13-11-2024 09:36:00.623 [Test worker] LocalDataSourceJobStore - Recovering 0 jobs that were in-progress at the time of the last shut-down.
[INFO ] 13-11-2024 09:36:00.623 [Test worker] LocalDataSourceJobStore - Recovery complete.
[INFO ] 13-11-2024 09:36:00.623 [Test worker] LocalDataSourceJobStore - Removed 0 'complete' triggers.
[INFO ] 13-11-2024 09:36:00.633 [Test worker] LocalDataSourceJobStore - Removed 0 stale fired job entries.
[INFO ] 13-11-2024 09:36:00.638 [Test worker] QuartzScheduler - Scheduler quartzScheduler_$_NON_CLUSTERED started.
[INFO ] 13-11-2024 09:36:00.654 [Test worker] QuartzSchedulerApplicationTests - Started QuartzSchedulerApplicationTests in 3.194 seconds (process running for 5.652)
[INFO ] 13-11-2024 09:36:01.959 [SpringApplicationShutdownHook] QuartzScheduler - Scheduler quartzScheduler_$_NON_CLUSTERED paused.
[INFO ] 13-11-2024 09:36:01.961 [SpringApplicationShutdownHook] SchedulerFactoryBean - Shutting down Quartz Scheduler
[INFO ] 13-11-2024 09:36:01.962 [SpringApplicationShutdownHook] QuartzScheduler - Scheduler quartzScheduler_$_NON_CLUSTERED shutting down.
[INFO ] 13-11-2024 09:36:01.962 [SpringApplicationShutdownHook] QuartzScheduler - Scheduler quartzScheduler_$_NON_CLUSTERED paused.
[INFO ] 13-11-2024 09:36:01.963 [SpringApplicationShutdownHook] QuartzScheduler - Scheduler quartzScheduler_$_NON_CLUSTERED shutdown complete.
[INFO ] 13-11-2024 09:36:01.963 [SpringApplicationShutdownHook] HikariDataSource - HikariPool-1 - Shutdown initiated...
[INFO ] 13-11-2024 09:36:01.972 [SpringApplicationShutdownHook] HikariDataSource - HikariPool-1 - Shutdown completed.
[INFO ] 13-11-2024 10:18:38.590 [Test worker] AnnotationConfigContextLoaderUtils - Could not detect default configuration classes for test class [com.quartz.QuartzSchedulerApplicationTests]: QuartzSchedulerApplicationTests does not declare any static, non-private, non-final, nested classes annotated with @Configuration.
[INFO ] 13-11-2024 10:18:38.697 [Test worker] SpringBootTestContextBootstrapper - Found @SpringBootConfiguration com.quartz.QuartzSchedulerApplication for test class com.quartz.QuartzSchedulerApplicationTests
[INFO ] 13-11-2024 10:18:39.153 [Test worker] QuartzSchedulerApplicationTests - Starting QuartzSchedulerApplicationTests using Java 17.0.10 with PID 20556 (started by keidi.tay.chuan in C:\Users\keidi.tay.chuan\Documents\QuartzScheduler)
[INFO ] 13-11-2024 10:18:39.157 [Test worker] QuartzSchedulerApplicationTests - No active profile set, falling back to 1 default profile: "default"
[INFO ] 13-11-2024 10:18:40.424 [Test worker] StdSchedulerFactory - Using default implementation for ThreadExecutor
[INFO ] 13-11-2024 10:18:40.446 [Test worker] SchedulerSignalerImpl - Initialized Scheduler Signaller of type: class org.quartz.core.SchedulerSignalerImpl
[INFO ] 13-11-2024 10:18:40.448 [Test worker] QuartzScheduler - Quartz Scheduler v.2.3.2 created.
[INFO ] 13-11-2024 10:18:40.466 [Test worker] HikariDataSource - HikariPool-1 - Starting...
[INFO ] 13-11-2024 10:18:40.709 [Test worker] HikariPool - HikariPool-1 - Added connection ConnectionID:1 ClientConnectionId: 9abd2f61-fc99-4d66-8858-8d1c422c0a11
[INFO ] 13-11-2024 10:18:40.712 [Test worker] HikariDataSource - HikariPool-1 - Start completed.
[INFO ] 13-11-2024 10:18:40.726 [Test worker] LocalDataSourceJobStore - Detected usage of MSSQLDelegate class - defaulting 'selectWithLockSQL' to 'SELECT * FROM {0}LOCKS WITH (UPDLOCK,ROWLOCK) WHERE SCHED_NAME = {1} AND LOCK_NAME = ?'.
[INFO ] 13-11-2024 10:18:40.727 [Test worker] LocalDataSourceJobStore - Using db table-based data access locking (synchronization).
[INFO ] 13-11-2024 10:18:40.730 [Test worker] LocalDataSourceJobStore - JobStoreCMT initialized.
[INFO ] 13-11-2024 10:18:40.731 [Test worker] QuartzScheduler - Scheduler meta-data: Quartz Scheduler (v2.3.2) 'quartzScheduler' with instanceId 'NON_CLUSTERED'
  Scheduler class: 'org.quartz.core.QuartzScheduler' - running locally.
  NOT STARTED.
  Currently in standby mode.
  Number of jobs executed: 0
  Using thread pool 'org.quartz.simpl.SimpleThreadPool' - with 10 threads.
  Using job-store 'org.springframework.scheduling.quartz.LocalDataSourceJobStore' - which supports persistence. and is not clustered.

[INFO ] 13-11-2024 10:18:40.732 [Test worker] StdSchedulerFactory - Quartz scheduler 'quartzScheduler' initialized from an externally provided properties instance.
[INFO ] 13-11-2024 10:18:40.732 [Test worker] StdSchedulerFactory - Quartz scheduler version: 2.3.2
[INFO ] 13-11-2024 10:18:40.733 [Test worker] QuartzScheduler - JobFactory set to: org.springframework.scheduling.quartz.SpringBeanJobFactory@a323a5b
[INFO ] 13-11-2024 10:18:41.391 [Test worker] SchedulerFactoryBean - Starting Quartz Scheduler now
[INFO ] 13-11-2024 10:18:41.449 [Test worker] LocalDataSourceJobStore - Freed 0 triggers from 'acquired' / 'blocked' state.
[INFO ] 13-11-2024 10:18:41.460 [Test worker] LocalDataSourceJobStore - Recovering 0 jobs that were in-progress at the time of the last shut-down.
[INFO ] 13-11-2024 10:18:41.462 [Test worker] LocalDataSourceJobStore - Recovery complete.
[INFO ] 13-11-2024 10:18:41.465 [Test worker] LocalDataSourceJobStore - Removed 0 'complete' triggers.
[INFO ] 13-11-2024 10:18:41.469 [Test worker] LocalDataSourceJobStore - Removed 0 stale fired job entries.
[INFO ] 13-11-2024 10:18:41.472 [Test worker] QuartzScheduler - Scheduler quartzScheduler_$_NON_CLUSTERED started.
[INFO ] 13-11-2024 10:18:41.484 [Test worker] QuartzSchedulerApplicationTests - Started QuartzSchedulerApplicationTests in 2.62 seconds (process running for 4.482)
[INFO ] 13-11-2024 10:18:43.195 [SpringApplicationShutdownHook] QuartzScheduler - Scheduler quartzScheduler_$_NON_CLUSTERED paused.
[INFO ] 13-11-2024 10:18:43.197 [SpringApplicationShutdownHook] SchedulerFactoryBean - Shutting down Quartz Scheduler
[INFO ] 13-11-2024 10:18:43.197 [SpringApplicationShutdownHook] QuartzScheduler - Scheduler quartzScheduler_$_NON_CLUSTERED shutting down.
[INFO ] 13-11-2024 10:18:43.198 [SpringApplicationShutdownHook] QuartzScheduler - Scheduler quartzScheduler_$_NON_CLUSTERED paused.
[INFO ] 13-11-2024 10:18:43.198 [SpringApplicationShutdownHook] QuartzScheduler - Scheduler quartzScheduler_$_NON_CLUSTERED shutdown complete.
[INFO ] 13-11-2024 10:18:43.199 [SpringApplicationShutdownHook] HikariDataSource - HikariPool-1 - Shutdown initiated...
[INFO ] 13-11-2024 10:18:43.209 [SpringApplicationShutdownHook] HikariDataSource - HikariPool-1 - Shutdown completed.
[INFO ] 13-11-2024 10:24:08.582 [Test worker] AnnotationConfigContextLoaderUtils - Could not detect default configuration classes for test class [com.quartz.QuartzSchedulerApplicationTests]: QuartzSchedulerApplicationTests does not declare any static, non-private, non-final, nested classes annotated with @Configuration.
[INFO ] 13-11-2024 10:24:08.776 [Test worker] SpringBootTestContextBootstrapper - Found @SpringBootConfiguration com.quartz.QuartzSchedulerApplication for test class com.quartz.QuartzSchedulerApplicationTests
[INFO ] 13-11-2024 10:24:09.451 [Test worker] QuartzSchedulerApplicationTests - Starting QuartzSchedulerApplicationTests using Java 17.0.10 with PID 29012 (started by keidi.tay.chuan in C:\Users\keidi.tay.chuan\Documents\QuartzScheduler)
[INFO ] 13-11-2024 10:24:09.456 [Test worker] QuartzSchedulerApplicationTests - No active profile set, falling back to 1 default profile: "default"
[INFO ] 13-11-2024 10:24:11.073 [Test worker] StdSchedulerFactory - Using default implementation for ThreadExecutor
[INFO ] 13-11-2024 10:24:11.102 [Test worker] SchedulerSignalerImpl - Initialized Scheduler Signaller of type: class org.quartz.core.SchedulerSignalerImpl
[INFO ] 13-11-2024 10:24:11.104 [Test worker] QuartzScheduler - Quartz Scheduler v.2.3.2 created.
[INFO ] 13-11-2024 10:24:11.124 [Test worker] HikariDataSource - HikariPool-1 - Starting...
[INFO ] 13-11-2024 10:24:11.493 [Test worker] HikariPool - HikariPool-1 - Added connection ConnectionID:1 ClientConnectionId: c2dcd78c-e6fb-4560-b63c-2eb30bcb4ac8
[INFO ] 13-11-2024 10:24:11.498 [Test worker] HikariDataSource - HikariPool-1 - Start completed.
[INFO ] 13-11-2024 10:24:11.517 [Test worker] LocalDataSourceJobStore - Detected usage of MSSQLDelegate class - defaulting 'selectWithLockSQL' to 'SELECT * FROM {0}LOCKS WITH (UPDLOCK,ROWLOCK) WHERE SCHED_NAME = {1} AND LOCK_NAME = ?'.
[INFO ] 13-11-2024 10:24:11.517 [Test worker] LocalDataSourceJobStore - Using db table-based data access locking (synchronization).
[INFO ] 13-11-2024 10:24:11.521 [Test worker] LocalDataSourceJobStore - JobStoreCMT initialized.
[INFO ] 13-11-2024 10:24:11.523 [Test worker] QuartzScheduler - Scheduler meta-data: Quartz Scheduler (v2.3.2) 'quartzScheduler' with instanceId 'NON_CLUSTERED'
  Scheduler class: 'org.quartz.core.QuartzScheduler' - running locally.
  NOT STARTED.
  Currently in standby mode.
  Number of jobs executed: 0
  Using thread pool 'org.quartz.simpl.SimpleThreadPool' - with 10 threads.
  Using job-store 'org.springframework.scheduling.quartz.LocalDataSourceJobStore' - which supports persistence. and is not clustered.

[INFO ] 13-11-2024 10:24:11.524 [Test worker] StdSchedulerFactory - Quartz scheduler 'quartzScheduler' initialized from an externally provided properties instance.
[INFO ] 13-11-2024 10:24:11.525 [Test worker] StdSchedulerFactory - Quartz scheduler version: 2.3.2
[INFO ] 13-11-2024 10:24:11.525 [Test worker] QuartzScheduler - JobFactory set to: org.springframework.scheduling.quartz.SpringBeanJobFactory@919086
[INFO ] 13-11-2024 10:24:12.342 [Test worker] SchedulerFactoryBean - Starting Quartz Scheduler now
[INFO ] 13-11-2024 10:24:12.412 [Test worker] LocalDataSourceJobStore - Freed 0 triggers from 'acquired' / 'blocked' state.
[INFO ] 13-11-2024 10:24:12.433 [Test worker] LocalDataSourceJobStore - Recovering 0 jobs that were in-progress at the time of the last shut-down.
[INFO ] 13-11-2024 10:24:12.434 [Test worker] LocalDataSourceJobStore - Recovery complete.
[INFO ] 13-11-2024 10:24:12.437 [Test worker] LocalDataSourceJobStore - Removed 0 'complete' triggers.
[INFO ] 13-11-2024 10:24:12.443 [Test worker] LocalDataSourceJobStore - Removed 1 stale fired job entries.
[INFO ] 13-11-2024 10:24:12.447 [Test worker] QuartzScheduler - Scheduler quartzScheduler_$_NON_CLUSTERED started.
[INFO ] 13-11-2024 10:24:12.462 [Test worker] QuartzSchedulerApplicationTests - Started QuartzSchedulerApplicationTests in 3.429 seconds (process running for 5.875)
[INFO ] 13-11-2024 10:24:13.991 [SpringApplicationShutdownHook] QuartzScheduler - Scheduler quartzScheduler_$_NON_CLUSTERED paused.
[INFO ] 13-11-2024 10:24:13.992 [SpringApplicationShutdownHook] SchedulerFactoryBean - Shutting down Quartz Scheduler
[INFO ] 13-11-2024 10:24:13.993 [SpringApplicationShutdownHook] QuartzScheduler - Scheduler quartzScheduler_$_NON_CLUSTERED shutting down.
[INFO ] 13-11-2024 10:24:13.994 [SpringApplicationShutdownHook] QuartzScheduler - Scheduler quartzScheduler_$_NON_CLUSTERED paused.
[INFO ] 13-11-2024 10:24:13.994 [SpringApplicationShutdownHook] QuartzScheduler - Scheduler quartzScheduler_$_NON_CLUSTERED shutdown complete.
[INFO ] 13-11-2024 10:24:13.995 [SpringApplicationShutdownHook] HikariDataSource - HikariPool-1 - Shutdown initiated...
[INFO ] 13-11-2024 10:24:14.004 [SpringApplicationShutdownHook] HikariDataSource - HikariPool-1 - Shutdown completed.
[INFO ] 13-11-2024 10:29:21.260 [Test worker] AnnotationConfigContextLoaderUtils - Could not detect default configuration classes for test class [com.quartz.QuartzSchedulerApplicationTests]: QuartzSchedulerApplicationTests does not declare any static, non-private, non-final, nested classes annotated with @Configuration.
[INFO ] 13-11-2024 10:29:21.369 [Test worker] SpringBootTestContextBootstrapper - Found @SpringBootConfiguration com.quartz.QuartzSchedulerApplication for test class com.quartz.QuartzSchedulerApplicationTests
[INFO ] 13-11-2024 10:29:21.780 [Test worker] QuartzSchedulerApplicationTests - Starting QuartzSchedulerApplicationTests using Java 17.0.10 with PID 30096 (started by keidi.tay.chuan in C:\Users\keidi.tay.chuan\Documents\QuartzScheduler)
[INFO ] 13-11-2024 10:29:21.785 [Test worker] QuartzSchedulerApplicationTests - No active profile set, falling back to 1 default profile: "default"
[INFO ] 13-11-2024 10:29:22.869 [Test worker] StdSchedulerFactory - Using default implementation for ThreadExecutor
[INFO ] 13-11-2024 10:29:22.885 [Test worker] SchedulerSignalerImpl - Initialized Scheduler Signaller of type: class org.quartz.core.SchedulerSignalerImpl
[INFO ] 13-11-2024 10:29:22.887 [Test worker] QuartzScheduler - Quartz Scheduler v.2.3.2 created.
[INFO ] 13-11-2024 10:29:22.888 [Test worker] RAMJobStore - RAMJobStore initialized.
[INFO ] 13-11-2024 10:29:22.890 [Test worker] QuartzScheduler - Scheduler meta-data: Quartz Scheduler (v2.3.2) 'quartzScheduler' with instanceId 'NON_CLUSTERED'
  Scheduler class: 'org.quartz.core.QuartzScheduler' - running locally.
  NOT STARTED.
  Currently in standby mode.
  Number of jobs executed: 0
  Using thread pool 'org.quartz.simpl.SimpleThreadPool' - with 10 threads.
  Using job-store 'org.quartz.simpl.RAMJobStore' - which does not support persistence. and is not clustered.

[INFO ] 13-11-2024 10:29:22.891 [Test worker] StdSchedulerFactory - Quartz scheduler 'quartzScheduler' initialized from an externally provided properties instance.
[INFO ] 13-11-2024 10:29:22.892 [Test worker] StdSchedulerFactory - Quartz scheduler version: 2.3.2
[INFO ] 13-11-2024 10:29:22.892 [Test worker] QuartzScheduler - JobFactory set to: org.springframework.scheduling.quartz.SpringBeanJobFactory@7aea704c
[INFO ] 13-11-2024 10:29:23.497 [Test worker] SchedulerFactoryBean - Starting Quartz Scheduler now
[INFO ] 13-11-2024 10:29:23.497 [Test worker] QuartzScheduler - Scheduler quartzScheduler_$_NON_CLUSTERED started.
[INFO ] 13-11-2024 10:29:23.506 [Test worker] QuartzSchedulerApplicationTests - Started QuartzSchedulerApplicationTests in 1.971 seconds (process running for 3.844)
[INFO ] 13-11-2024 10:29:25.196 [SpringApplicationShutdownHook] QuartzScheduler - Scheduler quartzScheduler_$_NON_CLUSTERED paused.
[INFO ] 13-11-2024 10:29:25.197 [SpringApplicationShutdownHook] SchedulerFactoryBean - Shutting down Quartz Scheduler
[INFO ] 13-11-2024 10:29:25.199 [SpringApplicationShutdownHook] QuartzScheduler - Scheduler quartzScheduler_$_NON_CLUSTERED shutting down.
[INFO ] 13-11-2024 10:29:25.199 [SpringApplicationShutdownHook] QuartzScheduler - Scheduler quartzScheduler_$_NON_CLUSTERED paused.
[INFO ] 13-11-2024 10:29:25.200 [SpringApplicationShutdownHook] QuartzScheduler - Scheduler quartzScheduler_$_NON_CLUSTERED shutdown complete.
[INFO ] 13-11-2024 10:40:10.080 [Test worker] AnnotationConfigContextLoaderUtils - Could not detect default configuration classes for test class [com.quartz.QuartzSchedulerApplicationTests]: QuartzSchedulerApplicationTests does not declare any static, non-private, non-final, nested classes annotated with @Configuration.
[INFO ] 13-11-2024 10:40:10.219 [Test worker] SpringBootTestContextBootstrapper - Found @SpringBootConfiguration com.quartz.QuartzSchedulerApplication for test class com.quartz.QuartzSchedulerApplicationTests
[INFO ] 13-11-2024 10:40:10.738 [Test worker] QuartzSchedulerApplicationTests - Starting QuartzSchedulerApplicationTests using Java 17.0.10 with PID 32992 (started by keidi.tay.chuan in C:\Users\keidi.tay.chuan\Documents\QuartzScheduler)
[INFO ] 13-11-2024 10:40:10.743 [Test worker] QuartzSchedulerApplicationTests - No active profile set, falling back to 1 default profile: "default"
[INFO ] 13-11-2024 10:40:11.903 [Test worker] StdSchedulerFactory - Using default implementation for ThreadExecutor
[INFO ] 13-11-2024 10:40:11.924 [Test worker] SchedulerSignalerImpl - Initialized Scheduler Signaller of type: class org.quartz.core.SchedulerSignalerImpl
[INFO ] 13-11-2024 10:40:11.925 [Test worker] QuartzScheduler - Quartz Scheduler v.2.3.2 created.
[INFO ] 13-11-2024 10:40:11.928 [Test worker] RAMJobStore - RAMJobStore initialized.
[INFO ] 13-11-2024 10:40:11.930 [Test worker] QuartzScheduler - Scheduler meta-data: Quartz Scheduler (v2.3.2) 'quartzScheduler' with instanceId 'NON_CLUSTERED'
  Scheduler class: 'org.quartz.core.QuartzScheduler' - running locally.
  NOT STARTED.
  Currently in standby mode.
  Number of jobs executed: 0
  Using thread pool 'org.quartz.simpl.SimpleThreadPool' - with 10 threads.
  Using job-store 'org.quartz.simpl.RAMJobStore' - which does not support persistence. and is not clustered.

[INFO ] 13-11-2024 10:40:11.931 [Test worker] StdSchedulerFactory - Quartz scheduler 'quartzScheduler' initialized from an externally provided properties instance.
[INFO ] 13-11-2024 10:40:11.932 [Test worker] StdSchedulerFactory - Quartz scheduler version: 2.3.2
[INFO ] 13-11-2024 10:40:11.933 [Test worker] QuartzScheduler - JobFactory set to: org.springframework.scheduling.quartz.SpringBeanJobFactory@6d0290d8
[INFO ] 13-11-2024 10:40:12.842 [Test worker] SchedulerFactoryBean - Starting Quartz Scheduler now
[INFO ] 13-11-2024 10:40:12.842 [Test worker] QuartzScheduler - Scheduler quartzScheduler_$_NON_CLUSTERED started.
[INFO ] 13-11-2024 10:40:12.861 [Test worker] QuartzSchedulerApplicationTests - Started QuartzSchedulerApplicationTests in 2.432 seconds (process running for 4.433)
[INFO ] 13-11-2024 10:40:14.525 [SpringApplicationShutdownHook] QuartzScheduler - Scheduler quartzScheduler_$_NON_CLUSTERED paused.
[INFO ] 13-11-2024 10:40:14.527 [SpringApplicationShutdownHook] SchedulerFactoryBean - Shutting down Quartz Scheduler
[INFO ] 13-11-2024 10:40:14.529 [SpringApplicationShutdownHook] QuartzScheduler - Scheduler quartzScheduler_$_NON_CLUSTERED shutting down.
[INFO ] 13-11-2024 10:40:14.529 [SpringApplicationShutdownHook] QuartzScheduler - Scheduler quartzScheduler_$_NON_CLUSTERED paused.
[INFO ] 13-11-2024 10:40:14.530 [SpringApplicationShutdownHook] QuartzScheduler - Scheduler quartzScheduler_$_NON_CLUSTERED shutdown complete.
[INFO ] 13-11-2024 12:08:33.605 [Test worker] AnnotationConfigContextLoaderUtils - Could not detect default configuration classes for test class [com.quartz.QuartzSchedulerApplicationTests]: QuartzSchedulerApplicationTests does not declare any static, non-private, non-final, nested classes annotated with @Configuration.
[INFO ] 13-11-2024 12:08:33.716 [Test worker] SpringBootTestContextBootstrapper - Found @SpringBootConfiguration com.quartz.QuartzSchedulerApplication for test class com.quartz.QuartzSchedulerApplicationTests
[INFO ] 13-11-2024 12:08:34.157 [Test worker] QuartzSchedulerApplicationTests - Starting QuartzSchedulerApplicationTests using Java 17.0.10 with PID 24068 (started by keidi.tay.chuan in C:\Users\keidi.tay.chuan\Documents\QuartzScheduler)
[INFO ] 13-11-2024 12:08:34.162 [Test worker] QuartzSchedulerApplicationTests - No active profile set, falling back to 1 default profile: "default"
[INFO ] 13-11-2024 12:08:35.322 [Test worker] StdSchedulerFactory - Using default implementation for ThreadExecutor
[INFO ] 13-11-2024 12:08:35.340 [Test worker] SchedulerSignalerImpl - Initialized Scheduler Signaller of type: class org.quartz.core.SchedulerSignalerImpl
[INFO ] 13-11-2024 12:08:35.341 [Test worker] QuartzScheduler - Quartz Scheduler v.2.3.2 created.
[INFO ] 13-11-2024 12:08:35.342 [Test worker] RAMJobStore - RAMJobStore initialized.
[INFO ] 13-11-2024 12:08:35.344 [Test worker] QuartzScheduler - Scheduler meta-data: Quartz Scheduler (v2.3.2) 'quartzScheduler' with instanceId 'NON_CLUSTERED'
  Scheduler class: 'org.quartz.core.QuartzScheduler' - running locally.
  NOT STARTED.
  Currently in standby mode.
  Number of jobs executed: 0
  Using thread pool 'org.quartz.simpl.SimpleThreadPool' - with 10 threads.
  Using job-store 'org.quartz.simpl.RAMJobStore' - which does not support persistence. and is not clustered.

[INFO ] 13-11-2024 12:08:35.345 [Test worker] StdSchedulerFactory - Quartz scheduler 'quartzScheduler' initialized from an externally provided properties instance.
[INFO ] 13-11-2024 12:08:35.346 [Test worker] StdSchedulerFactory - Quartz scheduler version: 2.3.2
[INFO ] 13-11-2024 12:08:35.347 [Test worker] QuartzScheduler - JobFactory set to: org.springframework.scheduling.quartz.SpringBeanJobFactory@78c262ba
[INFO ] 13-11-2024 12:08:36.019 [Test worker] SchedulerFactoryBean - Starting Quartz Scheduler now
[INFO ] 13-11-2024 12:08:36.020 [Test worker] QuartzScheduler - Scheduler quartzScheduler_$_NON_CLUSTERED started.
[INFO ] 13-11-2024 12:08:36.033 [Test worker] QuartzSchedulerApplicationTests - Started QuartzSchedulerApplicationTests in 2.153 seconds (process running for 3.949)
[INFO ] 13-11-2024 12:08:37.763 [SpringApplicationShutdownHook] QuartzScheduler - Scheduler quartzScheduler_$_NON_CLUSTERED paused.
[INFO ] 13-11-2024 12:08:37.765 [SpringApplicationShutdownHook] SchedulerFactoryBean - Shutting down Quartz Scheduler
[INFO ] 13-11-2024 12:08:37.766 [SpringApplicationShutdownHook] QuartzScheduler - Scheduler quartzScheduler_$_NON_CLUSTERED shutting down.
[INFO ] 13-11-2024 12:08:37.767 [SpringApplicationShutdownHook] QuartzScheduler - Scheduler quartzScheduler_$_NON_CLUSTERED paused.
[INFO ] 13-11-2024 12:08:37.767 [SpringApplicationShutdownHook] QuartzScheduler - Scheduler quartzScheduler_$_NON_CLUSTERED shutdown complete.
